Using pre-set license
Built from '2021.3/staging' branch; Version is '2021.3.11f1 (0a5ca18544bf) revision 679073'; Using compiler version '192829333'; Build Type 'Release'
OS: 'Windows 10  (10.0.17763) 64bit Education' Language: 'en' Physical Memory: 32448 MB
BatchMode: 1, IsHumanControllingUs: 0, StartBugReporterOnCrash: 0, Is64bit: 1, IsPro: 1

COMMAND LINE ARGUMENTS:
C:\Program Files\Unity\Hub\Editor\2021.3.11f1\Editor\Unity.exe
-adb2
-batchMode
-noUpm
-name
AssetImportWorker0
-projectPath
C:/Users/alec.2578840/Desktop/Masterfiles/MasterFiles
-logFile
Logs/AssetImportWorker0.log
-srvPort
64747
Successfully changed project path to: C:/Users/alec.2578840/Desktop/Masterfiles/MasterFiles
C:/Users/alec.2578840/Desktop/Masterfiles/MasterFiles
[UnityMemory] Configuration Parameters - Can be set up in boot.config
    "memorysetup-bucket-allocator-granularity=16"
    "memorysetup-bucket-allocator-bucket-count=8"
    "memorysetup-bucket-allocator-block-size=33554432"
    "memorysetup-bucket-allocator-block-count=8"
    "memorysetup-main-allocator-block-size=16777216"
    "memorysetup-thread-allocator-block-size=16777216"
    "memorysetup-gfx-main-allocator-block-size=16777216"
    "memorysetup-gfx-thread-allocator-block-size=16777216"
    "memorysetup-cache-allocator-block-size=4194304"
    "memorysetup-typetree-allocator-block-size=2097152"
    "memorysetup-profiler-bucket-allocator-granularity=16"
    "memorysetup-profiler-bucket-allocator-bucket-count=8"
    "memorysetup-profiler-bucket-allocator-block-size=33554432"
    "memorysetup-profiler-bucket-allocator-block-count=8"
    "memorysetup-profiler-allocator-block-size=16777216"
    "memorysetup-profiler-editor-allocator-block-size=1048576"
    "memorysetup-temp-allocator-size-main=16777216"
    "memorysetup-job-temp-allocator-block-size=2097152"
    "memorysetup-job-temp-allocator-block-size-background=1048576"
    "memorysetup-job-temp-allocator-reduction-small-platforms=262144"
    "memorysetup-temp-allocator-size-background-worker=32768"
    "memorysetup-temp-allocator-size-job-worker=262144"
    "memorysetup-temp-allocator-size-preload-manager=33554432"
    "memorysetup-temp-allocator-size-nav-mesh-worker=65536"
    "memorysetup-temp-allocator-size-audio-worker=65536"
    "memorysetup-temp-allocator-size-cloud-worker=32768"
    "memorysetup-temp-allocator-size-gi-baking-worker=262144"
    "memorysetup-temp-allocator-size-gfx=262144"
Refreshing native plugins compatible for Editor in 35.25 ms, found 3 plugins.
Preloading 0 native plugins for Editor in 0.00 ms.
Initialize engine version: 2021.3.11f1 (0a5ca18544bf)
[Subsystems] Discovering subsystems at path C:/Program Files/Unity/Hub/Editor/2021.3.11f1/Editor/Data/Resources/UnitySubsystems
[Subsystems] Discovering subsystems at path C:/Users/alec.2578840/Desktop/Masterfiles/MasterFiles/Assets
GfxDevice: creating device client; threaded=0; jobified=0
Direct3D:
    Version:  Direct3D 11.0 [level 11.1]
    Renderer: NVIDIA Quadro P1000 (ID=0x1cb1)
    Vendor:   NVIDIA
    VRAM:     4019 MB
    Driver:   27.21.14.5148
Initialize mono
Mono path[0] = 'C:/Program Files/Unity/Hub/Editor/2021.3.11f1/Editor/Data/Managed'
Mono path[1] = 'C:/Program Files/Unity/Hub/Editor/2021.3.11f1/Editor/Data/MonoBleedingEdge/lib/mono/unityjit-win32'
Mono config path = 'C:/Program Files/Unity/Hub/Editor/2021.3.11f1/Editor/Data/MonoBleedingEdge/etc'
Using monoOptions --debugger-agent=transport=dt_socket,embedding=1,server=y,suspend=n,address=127.0.0.1:56136
Begin MonoManager ReloadAssembly
Registering precompiled unity dll's ...
Register platform support module: C:/Program Files/Unity/Hub/Editor/2021.3.11f1/Editor/Data/PlaybackEngines/WindowsStandaloneSupport/UnityEditor.WindowsStandalone.Extensions.dll
Registered in 0.005567 seconds.
Native extension for WindowsStandalone target not found
Refreshing native plugins compatible for Editor in 30.49 ms, found 3 plugins.
Preloading 0 native plugins for Editor in 0.00 ms.
Mono: successfully reloaded assembly
- Completed reload, in  0.535 seconds
Domain Reload Profiling:
	ReloadAssembly (536ms)
		BeginReloadAssembly (73ms)
			ExecutionOrderSort (0ms)
			DisableScriptedObjects (0ms)
			BackupInstance (0ms)
			ReleaseScriptingObjects (0ms)
			CreateAndSetChildDomain (1ms)
		EndReloadAssembly (360ms)
			LoadAssemblies (69ms)
			RebuildTransferFunctionScriptingTraits (0ms)
			SetupTypeCache (93ms)
			ReleaseScriptCaches (0ms)
			RebuildScriptCaches (24ms)
			SetupLoadedEditorAssemblies (199ms)
				LogAssemblyErrors (0ms)
				InitializePlatformSupportModulesInManaged (6ms)
				SetLoadedEditorAssemblies (0ms)
				RefreshPlugins (31ms)
				BeforeProcessingInitializeOnLoad (1ms)
				ProcessInitializeOnLoadAttributes (121ms)
				ProcessInitializeOnLoadMethodAttributes (39ms)
				AfterProcessingInitializeOnLoad (0ms)
				EditorAssembliesLoaded (0ms)
			ExecutionOrderSort2 (0ms)
			AwakeInstancesAfterBackupRestoration (0ms)
Platform modules already initialized, skipping
Registering precompiled user dll's ...
Registered in 0.005305 seconds.
Begin MonoManager ReloadAssembly
Native extension for WindowsStandalone target not found
Refreshing native plugins compatible for Editor in 0.50 ms, found 3 plugins.
Preloading 0 native plugins for Editor in 0.00 ms.
Mono: successfully reloaded assembly
- Completed reload, in  0.814 seconds
Domain Reload Profiling:
	ReloadAssembly (815ms)
		BeginReloadAssembly (103ms)
			ExecutionOrderSort (0ms)
			DisableScriptedObjects (5ms)
			BackupInstance (0ms)
			ReleaseScriptingObjects (0ms)
			CreateAndSetChildDomain (20ms)
		EndReloadAssembly (599ms)
			LoadAssemblies (69ms)
			RebuildTransferFunctionScriptingTraits (0ms)
			SetupTypeCache (165ms)
			ReleaseScriptCaches (0ms)
			RebuildScriptCaches (38ms)
			SetupLoadedEditorAssemblies (290ms)
				LogAssemblyErrors (0ms)
				InitializePlatformSupportModulesInManaged (5ms)
				SetLoadedEditorAssemblies (0ms)
				RefreshPlugins (1ms)
				BeforeProcessingInitializeOnLoad (52ms)
				ProcessInitializeOnLoadAttributes (199ms)
				ProcessInitializeOnLoadMethodAttributes (25ms)
				AfterProcessingInitializeOnLoad (8ms)
				EditorAssembliesLoaded (0ms)
			ExecutionOrderSort2 (0ms)
			AwakeInstancesAfterBackupRestoration (6ms)
Platform modules already initialized, skipping
========================================================================
Worker process is ready to serve import requests
Launched and connected shader compiler UnityShaderCompiler.exe after 0.06 seconds
Refreshing native plugins compatible for Editor in 0.47 ms, found 3 plugins.
Preloading 0 native plugins for Editor in 0.00 ms.
Unloading 1925 Unused Serialized files (Serialized files now loaded: 0)
Unloading 25 unused Assets / (336.9 KB). Loaded Objects now: 2391.
Memory consumption went from 98.2 MB to 97.9 MB.
Total: 2.987500 ms (FindLiveObjects: 0.160700 ms CreateObjectMapping: 0.095500 ms MarkObjects: 2.529900 ms  DeleteObjects: 0.200200 ms)

AssetImportParameters requested are different than current active one (requested -> active):
  custom:video-decoder-ogg-theora: a1e56fd34408186e4bbccfd4996cb3dc -> 
  custom:container-muxer-webm: aa71ff27fc2769a1b78a27578f13a17b -> 
  custom:container-demuxer-webm: 4f35f7cbe854078d1ac9338744f61a02 -> 
  custom:video-encoder-webm-vp8: eb34c28f22e8b96e1ab97ce403110664 -> 
  custom:audio-encoder-webm-vorbis: bf7c407c2cedff20999df2af8eb42d56 -> 
  custom:framework-win-MediaFoundation: 216162199b28c13a410421893ffa2e32 -> 
  custom:container-demuxer-ogg: 62fdf1f143b41e24485cea50d1cbac27 -> 
  custom:video-decoder-webm-vp8: 9c59270c3fd7afecdb556c50c9e8de78 -> 
  custom:audio-decoder-ogg-vorbis: bf7c407c2cedff20999df2af8eb42d56 -> 
========================================================================
Received Import Request.
  Time since last request: 106841.131523 seconds.
  path: Assets/Candice AI for Games/Prefabs/Player/Mecha
  artifactKey: Guid(3c898b0d01840354e8958497926719a8) Importer(815301076,1909f56bfc062723c751e8b465ee728b)
Start importing Assets/Candice AI for Games/Prefabs/Player/Mecha using Guid(3c898b0d01840354e8958497926719a8) Importer(815301076,1909f56bfc062723c751e8b465ee728b)  -> (artifact id: '4a6b6ff53b3b1e52738086954c8b403b') in 0.005010 seconds 
========================================================================
Received Import Request.
  Time since last request: 0.000015 seconds.
  path: Assets/Candice AI for Games/Prefabs/Player
  artifactKey: Guid(48813f54f5fbd2b46ab653434cd88595) Importer(815301076,1909f56bfc062723c751e8b465ee728b)
Start importing Assets/Candice AI for Games/Prefabs/Player using Guid(48813f54f5fbd2b46ab653434cd88595) Importer(815301076,1909f56bfc062723c751e8b465ee728b)  -> (artifact id: '469f42f1bd20aa4192cdd8d660ef514c') in 0.002151 seconds 
========================================================================
Received Import Request.
  Time since last request: 2.198973 seconds.
  path: Assets/Candice AI for Games/Prefabs/Player/Mecha/Mecha.prefab
  artifactKey: Guid(37066f892ab925b4292f75b21940418d) Importer(815301076,1909f56bfc062723c751e8b465ee728b)
Start importing Assets/Candice AI for Games/Prefabs/Player/Mecha/Mecha.prefab using Guid(37066f892ab925b4292f75b21940418d) Importer(815301076,1909f56bfc062723c751e8b465ee728b)  -> (artifact id: 'b237e9674c9ab8f9eebaf9425074ad06') in 0.218914 seconds 
========================================================================
Received Import Request.
  Time since last request: 6.945318 seconds.
  path: Assets/Candice AI for Games/Prefabs/Player/AnyHumanoidRig/Animations/TemplateAnimator
  artifactKey: Guid(c0f3da88e6b19ec49a368510ffb1bc1c) Importer(815301076,1909f56bfc062723c751e8b465ee728b)
Start importing Assets/Candice AI for Games/Prefabs/Player/AnyHumanoidRig/Animations/TemplateAnimator using Guid(c0f3da88e6b19ec49a368510ffb1bc1c) Importer(815301076,1909f56bfc062723c751e8b465ee728b)  -> (artifact id: '39ef3d3a1b185399d2a3d6f41c62fcd7') in 0.002511 seconds 
========================================================================
Received Import Request.
  Time since last request: 1.959738 seconds.
  path: Assets/Candice AI for Games/Prefabs/Player/AnyHumanoidRig/Animations/Combat_Hook.anim
  artifactKey: Guid(4bc5baa798ad45648b59f0169e0b6bdc) Importer(815301076,1909f56bfc062723c751e8b465ee728b)
Start importing Assets/Candice AI for Games/Prefabs/Player/AnyHumanoidRig/Animations/Combat_Hook.anim using Guid(4bc5baa798ad45648b59f0169e0b6bdc) Importer(815301076,1909f56bfc062723c751e8b465ee728b)  -> (artifact id: '5e8e083370459c656a16459b742660cb') in 0.020805 seconds 
========================================================================
Received Import Request.
  Time since last request: 1.032552 seconds.
  path: Assets/Candice AI for Games/Prefabs/Player/AnyHumanoidRig/Animations/Run_Fwd_L.anim
  artifactKey: Guid(5198bc66be2f5a048953c5206aafd1ed) Importer(815301076,1909f56bfc062723c751e8b465ee728b)
Start importing Assets/Candice AI for Games/Prefabs/Player/AnyHumanoidRig/Animations/Run_Fwd_L.anim using Guid(5198bc66be2f5a048953c5206aafd1ed) Importer(815301076,1909f56bfc062723c751e8b465ee728b)  -> (artifact id: 'fdf8779dda43f9f797b7e0d54af0e22e') in 0.021703 seconds 
========================================================================
Received Import Request.
  Time since last request: 0.667831 seconds.
  path: Assets/Candice AI for Games/Prefabs/Player/AnyHumanoidRig/Animations/readme.txt
  artifactKey: Guid(d14fbbb6997d12f4bb38e9b6f62a47f4) Importer(815301076,1909f56bfc062723c751e8b465ee728b)
Start importing Assets/Candice AI for Games/Prefabs/Player/AnyHumanoidRig/Animations/readme.txt using Guid(d14fbbb6997d12f4bb38e9b6f62a47f4) Importer(815301076,1909f56bfc062723c751e8b465ee728b)  -> (artifact id: 'caf25ca2f91da4506d4e574857480db8') in 0.013222 seconds 
========================================================================
Received Import Request.
  Time since last request: 1.486590 seconds.
  path: Assets/Candice AI for Games/Prefabs/Player/AnyHumanoidRig/Animations/Combat_Front_Kick.anim
  artifactKey: Guid(199444cbfc32ad34c831d54876c7ecc1) Importer(815301076,1909f56bfc062723c751e8b465ee728b)
Start importing Assets/Candice AI for Games/Prefabs/Player/AnyHumanoidRig/Animations/Combat_Front_Kick.anim using Guid(199444cbfc32ad34c831d54876c7ecc1) Importer(815301076,1909f56bfc062723c751e8b465ee728b)  -> (artifact id: '29709b9ff5151c2b959b65bb0507a8a7') in 0.029776 seconds 
========================================================================
Received Import Request.
  Time since last request: 0.940013 seconds.
  path: Assets/Candice AI for Games/Prefabs/Player/AnyHumanoidRig/Animations/Punch_L.anim
  artifactKey: Guid(79f589881e846ec4b9185f1f22ea8662) Importer(815301076,1909f56bfc062723c751e8b465ee728b)
Start importing Assets/Candice AI for Games/Prefabs/Player/AnyHumanoidRig/Animations/Punch_L.anim using Guid(79f589881e846ec4b9185f1f22ea8662) Importer(815301076,1909f56bfc062723c751e8b465ee728b)  -> (artifact id: '99e191ecbb02ebe2f33ecb9c8f946613') in 0.020820 seconds 
========================================================================
Received Import Request.
  Time since last request: 7.354668 seconds.
  path: Assets/Candice AI for Games/Prefabs/Player/AnyHumanoidRig/Animations/TemplateAnimator/Cyber Necromancer.controller
  artifactKey: Guid(5ac3f70cc88d3cb408d5db61b958398c) Importer(815301076,1909f56bfc062723c751e8b465ee728b)
Start importing Assets/Candice AI for Games/Prefabs/Player/AnyHumanoidRig/Animations/TemplateAnimator/Cyber Necromancer.controller using Guid(5ac3f70cc88d3cb408d5db61b958398c) Importer(815301076,1909f56bfc062723c751e8b465ee728b)  -> (artifact id: '16637a931265725822fdbd570fb481a2') in 0.737740 seconds 
========================================================================
Received Import Request.
  Time since last request: 2.038994 seconds.
  path: Assets/Candice AI for Games/Prefabs/Player/AnyHumanoidRig/Animations/Combat_Uppercut.anim
  artifactKey: Guid(3f83f80342003f841b852058a7bd5355) Importer(815301076,1909f56bfc062723c751e8b465ee728b)
Start importing Assets/Candice AI for Games/Prefabs/Player/AnyHumanoidRig/Animations/Combat_Uppercut.anim using Guid(3f83f80342003f841b852058a7bd5355) Importer(815301076,1909f56bfc062723c751e8b465ee728b)  -> (artifact id: '464718bbb6bfef376e11ae58ab137203') in 0.030822 seconds 
========================================================================
Received Import Request.
  Time since last request: 0.688218 seconds.
  path: Assets/Candice AI for Games/Prefabs/Player/AnyHumanoidRig/Animations/Death_Fwd.anim
  artifactKey: Guid(5da86044911c5da48aea180d5e603dc4) Importer(815301076,1909f56bfc062723c751e8b465ee728b)
Start importing Assets/Candice AI for Games/Prefabs/Player/AnyHumanoidRig/Animations/Death_Fwd.anim using Guid(5da86044911c5da48aea180d5e603dc4) Importer(815301076,1909f56bfc062723c751e8b465ee728b)  -> (artifact id: 'c0f6e11327508ed03170bd99decb2ee2') in 0.030518 seconds 
========================================================================
Received Import Request.
  Time since last request: 0.509298 seconds.
  path: Assets/Candice AI for Games/Prefabs/Player/AnyHumanoidRig/Animations/Hit_Fwd.anim
  artifactKey: Guid(049e086ab786dbe478d2923e5d8b9990) Importer(815301076,1909f56bfc062723c751e8b465ee728b)
Start importing Assets/Candice AI for Games/Prefabs/Player/AnyHumanoidRig/Animations/Hit_Fwd.anim using Guid(049e086ab786dbe478d2923e5d8b9990) Importer(815301076,1909f56bfc062723c751e8b465ee728b)  -> (artifact id: '91ecd92f313449b153865045c709616e') in 0.017819 seconds 
========================================================================
Received Import Request.
  Time since last request: 0.604352 seconds.
  path: Assets/Candice AI for Games/Prefabs/Player/AnyHumanoidRig/Animations/Idle.anim
  artifactKey: Guid(e4c4838a37464554998246d13cc1d3f6) Importer(815301076,1909f56bfc062723c751e8b465ee728b)
Start importing Assets/Candice AI for Games/Prefabs/Player/AnyHumanoidRig/Animations/Idle.anim using Guid(e4c4838a37464554998246d13cc1d3f6) Importer(815301076,1909f56bfc062723c751e8b465ee728b)  -> (artifact id: '5ab83a30a4e07970db66b5673da74152') in 0.167090 seconds 
========================================================================
Received Import Request.
  Time since last request: 6.510670 seconds.
  path: Assets/Candice AI for Games/Prefabs/Melee Enemies/Titan
  artifactKey: Guid(4715af60e32e8de479066c89900d8f23) Importer(815301076,1909f56bfc062723c751e8b465ee728b)
Start importing Assets/Candice AI for Games/Prefabs/Melee Enemies/Titan using Guid(4715af60e32e8de479066c89900d8f23) Importer(815301076,1909f56bfc062723c751e8b465ee728b)  -> (artifact id: '5c09118625ef8e183194e5db995be2fe') in 0.005677 seconds 
========================================================================
Received Import Request.
  Time since last request: 2.289704 seconds.
  path: Assets/Candice AI for Games/Prefabs/Melee Enemies/Zombie/Fast/readme.txt
  artifactKey: Guid(b0675527174b33f428c180c0f643684e) Importer(815301076,1909f56bfc062723c751e8b465ee728b)
Start importing Assets/Candice AI for Games/Prefabs/Melee Enemies/Zombie/Fast/readme.txt using Guid(b0675527174b33f428c180c0f643684e) Importer(815301076,1909f56bfc062723c751e8b465ee728b)  -> (artifact id: '580a7a15d1d9a9a5b8ba0e59877e1868') in 0.002599 seconds 
========================================================================
Received Import Request.
  Time since last request: 7.517029 seconds.
  path: Assets/Candice AI for Games/3rdParty/Lincolncpp/HUD Indicator/Demo/Ball.physicMaterial
  artifactKey: Guid(6a5ec09cc89d4bb499f539d039ab5c2c) Importer(815301076,1909f56bfc062723c751e8b465ee728b)
Start importing Assets/Candice AI for Games/3rdParty/Lincolncpp/HUD Indicator/Demo/Ball.physicMaterial using Guid(6a5ec09cc89d4bb499f539d039ab5c2c) Importer(815301076,1909f56bfc062723c751e8b465ee728b)  -> (artifact id: '30a39bcb3ce4c84f64b236745e74ced7') in 0.006023 seconds 
========================================================================
Received Import Request.
  Time since last request: 33.917884 seconds.
  path: ProjectSettings/TagManager.asset
  artifactKey: Guid(00000000000000003000000000000000) Importer(815301076,1909f56bfc062723c751e8b465ee728b)
Start importing ProjectSettings/TagManager.asset using Guid(00000000000000003000000000000000) Importer(815301076,1909f56bfc062723c751e8b465ee728b)  -> (artifact id: 'f38d28c1994fe0fddc5cf21dc355dcff') in 0.004197 seconds 
========================================================================
Received Import Request.
  Time since last request: 63.235041 seconds.
  path: Assets/Candice AI for Games/Prefabs/Projectiles/Bullet Plasma Player.prefab
  artifactKey: Guid(a32cd686b01e56e4b8fda27b9f2825b5) Importer(815301076,1909f56bfc062723c751e8b465ee728b)
Start importing Assets/Candice AI for Games/Prefabs/Projectiles/Bullet Plasma Player.prefab using Guid(a32cd686b01e56e4b8fda27b9f2825b5) Importer(815301076,1909f56bfc062723c751e8b465ee728b)  -> (artifact id: '107eb32768c9f5e5c6d6fcf11c8619be') in 0.018203 seconds 
========================================================================
Received Import Request.
  Time since last request: 0.000015 seconds.
  path: Assets/Candice AI for Games/Prefabs/Cameras/CameraParentFollow.prefab
  artifactKey: Guid(99eb1aebe8001a84287fe0bf9ff3d8fe) Importer(815301076,1909f56bfc062723c751e8b465ee728b)
Start importing Assets/Candice AI for Games/Prefabs/Cameras/CameraParentFollow.prefab using Guid(99eb1aebe8001a84287fe0bf9ff3d8fe) Importer(815301076,1909f56bfc062723c751e8b465ee728b)  -> (artifact id: 'e8739cb3c628077dd38ae46702f94f8f') in 0.004609 seconds 
========================================================================
Received Import Request.
  Time since last request: 0.000018 seconds.
  path: Assets/Candice AI for Games/Prefabs/UI/CandiceAI.prefab
  artifactKey: Guid(754480ae8ad4abd4182b2c4d8d4296f8) Importer(815301076,1909f56bfc062723c751e8b465ee728b)
Start importing Assets/Candice AI for Games/Prefabs/UI/CandiceAI.prefab using Guid(754480ae8ad4abd4182b2c4d8d4296f8) Importer(815301076,1909f56bfc062723c751e8b465ee728b)  -> (artifact id: 'd35f07fe42485610672b8cc3de5e16b2') in 0.009380 seconds 
========================================================================
Received Import Request.
  Time since last request: 0.000020 seconds.
  path: Assets/Candice AI for Games/Prefabs2D/Candice AI Manager 2D.prefab
  artifactKey: Guid(6dc1386ad2520074782ff70cdff2762d) Importer(815301076,1909f56bfc062723c751e8b465ee728b)
Start importing Assets/Candice AI for Games/Prefabs2D/Candice AI Manager 2D.prefab using Guid(6dc1386ad2520074782ff70cdff2762d) Importer(815301076,1909f56bfc062723c751e8b465ee728b)  -> (artifact id: '0fce6d07a30ff37d71d31e3f525eaf86') in 0.006796 seconds 
========================================================================
Received Import Request.
  Time since last request: 0.000022 seconds.
  path: Assets/Candice AI for Games/Prefabs/UI/Camera.prefab
  artifactKey: Guid(2313bcf4e0418ef408d27e194fcf5863) Importer(815301076,1909f56bfc062723c751e8b465ee728b)
Start importing Assets/Candice AI for Games/Prefabs/UI/Camera.prefab using Guid(2313bcf4e0418ef408d27e194fcf5863) Importer(815301076,1909f56bfc062723c751e8b465ee728b)  -> (artifact id: '7775fe5127245f3e4ed3db6f514c8b61') in 0.004399 seconds 
========================================================================
Received Import Request.
  Time since last request: 0.761861 seconds.
  path: Assets/Candice AI for Games/Prefabs/Primitives/Bullet Legacy.prefab
  artifactKey: Guid(fff7ff3fd706deb45bee7cf9c2d8754e) Importer(815301076,1909f56bfc062723c751e8b465ee728b)
Start importing Assets/Candice AI for Games/Prefabs/Primitives/Bullet Legacy.prefab using Guid(fff7ff3fd706deb45bee7cf9c2d8754e) Importer(815301076,1909f56bfc062723c751e8b465ee728b)  -> (artifact id: '2b1656521911ad6ea007edfb537b78d1') in 0.008085 seconds 
========================================================================
Received Import Request.
  Time since last request: 0.020556 seconds.
  path: Assets/Candice AI for Games/Prefabs/Projectiles/Bullet Laser.prefab
  artifactKey: Guid(1e75f9747bc9db74f8b43c938a0ae994) Importer(815301076,1909f56bfc062723c751e8b465ee728b)
Start importing Assets/Candice AI for Games/Prefabs/Projectiles/Bullet Laser.prefab using Guid(1e75f9747bc9db74f8b43c938a0ae994) Importer(815301076,1909f56bfc062723c751e8b465ee728b)  -> (artifact id: '54faa6664927a2ead2878433eea98e39') in 0.022307 seconds 
========================================================================
Received Import Request.
  Time since last request: 0.607153 seconds.
  path: Assets/Candice AI for Games/Prefabs/Primitives/AI Agent Legacy.prefab
  artifactKey: Guid(056fc159aae98aa47a34197dca06176e) Importer(815301076,1909f56bfc062723c751e8b465ee728b)
Start importing Assets/Candice AI for Games/Prefabs/Primitives/AI Agent Legacy.prefab using Guid(056fc159aae98aa47a34197dca06176e) Importer(815301076,1909f56bfc062723c751e8b465ee728b)  -> (artifact id: '62a7a266c0775189bb3763852bbfbf63') in 0.009101 seconds 
========================================================================
Received Import Request.
  Time since last request: 0.035962 seconds.
  path: Assets/Candice AI for Games/Prefabs/SceneBuilder/AI.prefab
  artifactKey: Guid(5ccd146086c78e74283b5b88ccf3479a) Importer(815301076,1909f56bfc062723c751e8b465ee728b)
Start importing Assets/Candice AI for Games/Prefabs/SceneBuilder/AI.prefab using Guid(5ccd146086c78e74283b5b88ccf3479a) Importer(815301076,1909f56bfc062723c751e8b465ee728b)  -> (artifact id: '13d295c9197467901f0f21ab785fce02') in 0.532735 seconds 
========================================================================
Received Import Request.
  Time since last request: 2.792422 seconds.
  path: Assets/3rdPerson+Fly/Models/char_shadow.fbx
  artifactKey: Guid(fa0856ce0c0b3fb42af36e6c53346129) Importer(815301076,1909f56bfc062723c751e8b465ee728b)
Start importing Assets/3rdPerson+Fly/Models/char_shadow.fbx using Guid(fa0856ce0c0b3fb42af36e6c53346129) Importer(815301076,1909f56bfc062723c751e8b465ee728b)  -> (artifact id: 'd0e629bd4ffde0e19a7fc4b084cc1209') in 0.041830 seconds 
========================================================================
Received Import Request.
  Time since last request: 0.387665 seconds.
  path: Assets/Candice AI for Games/3rdParty/Alstra Infinite/Chests - PolyPack/Prefabs/ChestV1.prefab
  artifactKey: Guid(07f9fbf665ac5474dbc0ac26d35d7c8c) Importer(815301076,1909f56bfc062723c751e8b465ee728b)
Start importing Assets/Candice AI for Games/3rdParty/Alstra Infinite/Chests - PolyPack/Prefabs/ChestV1.prefab using Guid(07f9fbf665ac5474dbc0ac26d35d7c8c) Importer(815301076,1909f56bfc062723c751e8b465ee728b)  -> (artifact id: '7c0312c81e7f3fcad725f514dc347104') in 0.012332 seconds 
========================================================================
Received Import Request.
  Time since last request: 0.023852 seconds.
  path: Assets/Candice AI for Games/3rdParty/Alstra Infinite/Chests - PolyPack/Models/ChestV1_Lock.fbx
  artifactKey: Guid(a4fc3c8b6b668134db3eb36ca69ba50c) Importer(815301076,1909f56bfc062723c751e8b465ee728b)
Start importing Assets/Candice AI for Games/3rdParty/Alstra Infinite/Chests - PolyPack/Models/ChestV1_Lock.fbx using Guid(a4fc3c8b6b668134db3eb36ca69ba50c) Importer(815301076,1909f56bfc062723c751e8b465ee728b)  -> (artifact id: 'e5594e9e63827a1d127094a432b29927') in 0.014537 seconds 
========================================================================
Received Import Request.
  Time since last request: 0.103349 seconds.
  path: Assets/Candice AI for Games/3rdParty/Alstra Infinite/Chests - PolyPack/Prefabs/ChestV1_Loot.prefab
  artifactKey: Guid(117d1a029960d594f96bae9acdb46e33) Importer(815301076,1909f56bfc062723c751e8b465ee728b)
Start importing Assets/Candice AI for Games/3rdParty/Alstra Infinite/Chests - PolyPack/Prefabs/ChestV1_Loot.prefab using Guid(117d1a029960d594f96bae9acdb46e33) Importer(815301076,1909f56bfc062723c751e8b465ee728b)  -> (artifact id: '4f67ce2f8c6cb98fa1c9edb5ea085912') in 0.009038 seconds 
========================================================================
Received Import Request.
  Time since last request: 0.068163 seconds.
  path: Assets/Candice AI for Games/3rdParty/Alstra Infinite/Chests - PolyPack/Prefabs/ChestV2.prefab
  artifactKey: Guid(a4e34a86eb69d034aa2fe30ec63d10d5) Importer(815301076,1909f56bfc062723c751e8b465ee728b)
Start importing Assets/Candice AI for Games/3rdParty/Alstra Infinite/Chests - PolyPack/Prefabs/ChestV2.prefab using Guid(a4e34a86eb69d034aa2fe30ec63d10d5) Importer(815301076,1909f56bfc062723c751e8b465ee728b)  -> (artifact id: 'dc2154c00330fd9dd29d6172868eb69a') in 0.009725 seconds 
========================================================================
Received Import Request.
  Time since last request: 0.443757 seconds.
  path: Assets/Candice AI for Games/3rdParty/Alstra Infinite/Chests - PolyPack/Models/ChestV2_Lock.fbx
  artifactKey: Guid(e997935e35184b5458c22a240218e647) Importer(815301076,1909f56bfc062723c751e8b465ee728b)
Start importing Assets/Candice AI for Games/3rdParty/Alstra Infinite/Chests - PolyPack/Models/ChestV2_Lock.fbx using Guid(e997935e35184b5458c22a240218e647) Importer(815301076,1909f56bfc062723c751e8b465ee728b)  -> (artifact id: '338895ee32dddbb9cb9761bd5f95231b') in 0.012547 seconds 
========================================================================
Received Import Request.
  Time since last request: 9.126892 seconds.
  path: Assets/Candice AI for Games/3rdParty/Alstra Infinite/Chests - PolyPack/Prefabs/ChestV2_Loot.prefab
  artifactKey: Guid(477d9eca5568952448a5dc8659160ff9) Importer(815301076,1909f56bfc062723c751e8b465ee728b)
Start importing Assets/Candice AI for Games/3rdParty/Alstra Infinite/Chests - PolyPack/Prefabs/ChestV2_Loot.prefab using Guid(477d9eca5568952448a5dc8659160ff9) Importer(815301076,1909f56bfc062723c751e8b465ee728b)  -> (artifact id: '544a48fdd6900d22c7f5d421564c0ac1') in 0.012260 seconds 
========================================================================
Received Import Request.
  Time since last request: 53.915823 seconds.
  path: Assets/Candice AI for Games/Prefabs/Primitives/Ground Legacy.mat
  artifactKey: Guid(b314690fc3f056349ba173239a958fa3) Importer(815301076,1909f56bfc062723c751e8b465ee728b)
Start importing Assets/Candice AI for Games/Prefabs/Primitives/Ground Legacy.mat using Guid(b314690fc3f056349ba173239a958fa3) Importer(815301076,1909f56bfc062723c751e8b465ee728b)  -> (artifact id: 'fea2491fa77406c4e13699f2785d61f7') in 0.068049 seconds 
========================================================================
Received Import Request.
  Time since last request: 8.793173 seconds.
  path: Assets/Candice AI for Games/Prefabs/Cameras/KillCamera.prefab
  artifactKey: Guid(445501880ed35644fa9676be127c6982) Importer(815301076,1909f56bfc062723c751e8b465ee728b)
Start importing Assets/Candice AI for Games/Prefabs/Cameras/KillCamera.prefab using Guid(445501880ed35644fa9676be127c6982) Importer(815301076,1909f56bfc062723c751e8b465ee728b)  -> (artifact id: 'ff2ef213dd34fd08350b76955cc84f81') in 0.004317 seconds 
========================================================================
Received Import Request.
  Time since last request: 4.544554 seconds.
  path: Assets/Candice AI for Games/Prefabs/Lighting/Ice Terrain & Cold Sun Reflection Probe.prefab
  artifactKey: Guid(ceaa924334bc9554c8bf04d58fe3b662) Importer(815301076,1909f56bfc062723c751e8b465ee728b)
Start importing Assets/Candice AI for Games/Prefabs/Lighting/Ice Terrain & Cold Sun Reflection Probe.prefab using Guid(ceaa924334bc9554c8bf04d58fe3b662) Importer(815301076,1909f56bfc062723c751e8b465ee728b)  -> (artifact id: 'be30afc75c12a06caf682027c464bd9f') in 0.003843 seconds 
========================================================================
Received Import Request.
  Time since last request: 38.964028 seconds.
  path: Assets/Candice AI for Games/3rdParty/AncientRuins/Prefabs/P_AncientRuins_Shell.prefab
  artifactKey: Guid(f17adb0d741f4bb4aa7cfab117dce845) Importer(815301076,1909f56bfc062723c751e8b465ee728b)
Start importing Assets/Candice AI for Games/3rdParty/AncientRuins/Prefabs/P_AncientRuins_Shell.prefab using Guid(f17adb0d741f4bb4aa7cfab117dce845) Importer(815301076,1909f56bfc062723c751e8b465ee728b)  -> (artifact id: 'bdc94fa7d400638dbc9d202d4061de6a') in 0.242862 seconds 
========================================================================
Received Import Request.
  Time since last request: 0.000019 seconds.
  path: Assets/Candice AI for Games/3rdParty/Creatures Titan/Animation/Titan@Shout2.fbx
  artifactKey: Guid(b1bf8b3f97df2634588c4549d034173c) Importer(815301076,1909f56bfc062723c751e8b465ee728b)
Start importing Assets/Candice AI for Games/3rdParty/Creatures Titan/Animation/Titan@Shout2.fbx using Guid(b1bf8b3f97df2634588c4549d034173c) Importer(815301076,1909f56bfc062723c751e8b465ee728b)  -> (artifact id: 'b2924b9fabcf873ead123e647c11e59c') in 0.024074 seconds 
========================================================================
Received Import Request.
  Time since last request: 0.000030 seconds.
  path: Assets/Candice AI for Games/Prefabs/SceneBuilder/VSFX/Spark Shower.prefab
  artifactKey: Guid(c93f006f2bb9f8d4b9bb267a9e42df8f) Importer(815301076,1909f56bfc062723c751e8b465ee728b)
Start importing Assets/Candice AI for Games/Prefabs/SceneBuilder/VSFX/Spark Shower.prefab using Guid(c93f006f2bb9f8d4b9bb267a9e42df8f) Importer(815301076,1909f56bfc062723c751e8b465ee728b)  -> (artifact id: '202d807b823bd39eeb28d8e0dca09faf') in 0.015687 seconds 
========================================================================
Received Import Request.
  Time since last request: 0.000015 seconds.
  path: Assets/Candice AI for Games/3rdParty/Creatures Titan/Animation/Titan@Shout.fbx
  artifactKey: Guid(320aeb9c9b00d474c95267a1dfa3d3cf) Importer(815301076,1909f56bfc062723c751e8b465ee728b)
Start importing Assets/Candice AI for Games/3rdParty/Creatures Titan/Animation/Titan@Shout.fbx using Guid(320aeb9c9b00d474c95267a1dfa3d3cf) Importer(815301076,1909f56bfc062723c751e8b465ee728b)  -> (artifact id: '22d0444dd32c06b33035c197a44999b0') in 0.022330 seconds 
========================================================================
Received Prepare
Registering precompiled user dll's ...
Registered in 0.004936 seconds.
Begin MonoManager ReloadAssembly
Native extension for WindowsStandalone target not found
Refreshing native plugins compatible for Editor in 0.42 ms, found 3 plugins.
Preloading 0 native plugins for Editor in 0.00 ms.
Mono: successfully reloaded assembly
- Completed reload, in  0.827 seconds
Domain Reload Profiling:
	ReloadAssembly (827ms)
		BeginReloadAssembly (114ms)
			ExecutionOrderSort (0ms)
			DisableScriptedObjects (4ms)
			BackupInstance (0ms)
			ReleaseScriptingObjects (0ms)
			CreateAndSetChildDomain (29ms)
		EndReloadAssembly (625ms)
			LoadAssemblies (71ms)
			RebuildTransferFunctionScriptingTraits (0ms)
			SetupTypeCache (165ms)
			ReleaseScriptCaches (1ms)
			RebuildScriptCaches (36ms)
			SetupLoadedEditorAssemblies (316ms)
				LogAssemblyErrors (0ms)
				InitializePlatformSupportModulesInManaged (12ms)
				SetLoadedEditorAssemblies (0ms)
				RefreshPlugins (0ms)
				BeforeProcessingInitializeOnLoad (46ms)
				ProcessInitializeOnLoadAttributes (212ms)
				ProcessInitializeOnLoadMethodAttributes (34ms)
				AfterProcessingInitializeOnLoad (11ms)
				EditorAssembliesLoaded (0ms)
			ExecutionOrderSort2 (0ms)
			AwakeInstancesAfterBackupRestoration (9ms)
Platform modules already initialized, skipping
Refreshing native plugins compatible for Editor in 2.21 ms, found 3 plugins.
Preloading 0 native plugins for Editor in 0.00 ms.
Unloading 1886 Unused Serialized files (Serialized files now loaded: 0)
Unloading 22 unused Assets / (361.0 KB). Loaded Objects now: 2446.
Memory consumption went from 100.1 MB to 99.8 MB.
Total: 2.967800 ms (FindLiveObjects: 0.164300 ms CreateObjectMapping: 0.094000 ms MarkObjects: 2.511800 ms  DeleteObjects: 0.196600 ms)

AssetImportParameters requested are different than current active one (requested -> active):
  custom:video-decoder-ogg-theora: a1e56fd34408186e4bbccfd4996cb3dc -> 
  custom:container-muxer-webm: aa71ff27fc2769a1b78a27578f13a17b -> 
  custom:container-demuxer-webm: 4f35f7cbe854078d1ac9338744f61a02 -> 
  custom:video-encoder-webm-vp8: eb34c28f22e8b96e1ab97ce403110664 -> 
  custom:audio-encoder-webm-vorbis: bf7c407c2cedff20999df2af8eb42d56 -> 
  custom:framework-win-MediaFoundation: 216162199b28c13a410421893ffa2e32 -> 
  custom:container-demuxer-ogg: 62fdf1f143b41e24485cea50d1cbac27 -> 
  custom:video-decoder-webm-vp8: 9c59270c3fd7afecdb556c50c9e8de78 -> 
  custom:audio-decoder-ogg-vorbis: bf7c407c2cedff20999df2af8eb42d56 -> 
Editor requested this worker to shutdown with reason: Scaling down because of idle timeout
AssetImportWorker is now disconnected from the server
Process exiting
Exiting without the bug reporter. Application will terminate with return code 0