Using pre-set license
Built from '2020.3/staging' branch; Version is '2020.3.47f1 (5ef4f5b5e2d4) revision 6223093'; Using compiler version '192528614'; Build Type 'Release'
OS: 'Windows 10  (10.0.19044) 64bit Core' Language: 'en' Physical Memory: 8001 MB
BatchMode: 1, IsHumanControllingUs: 0, StartBugReporterOnCrash: 0, Is64bit: 1, IsPro: 0

COMMAND LINE ARGUMENTS:
C:\Program Files\Unity\Hub\Editor\2020.3.47f1\Editor\Unity.exe
-adb2
-batchMode
-noUpm
-name
AssetImportWorker0
-projectPath
C:/Users/rayqu/Documents/GitHub/Masterfiles/MasterFiles
-logFile
Logs/AssetImportWorker0.log
-srvPort
57982
Successfully changed project path to: C:/Users/rayqu/Documents/GitHub/Masterfiles/MasterFiles
C:/Users/rayqu/Documents/GitHub/Masterfiles/MasterFiles
Using Asset Import Pipeline V2.
Player connection [83684] Host "[IP] 192.168.1.153 [Port] 73 [Flags] 2 [Guid] 671083072 [EditorId] 671083072 [Version] 1048832 [Id] WindowsEditor(7,LAPTOP-1DLUEJTL) [Debug] 1 [PackageName] WindowsEditor [ProjectName] Editor" joined multi-casting on [225.0.0.222:54997]...

Player connection [83684] Host "[IP] 192.168.1.153 [Port] 73 [Flags] 2 [Guid] 671083072 [EditorId] 671083072 [Version] 1048832 [Id] WindowsEditor(7,LAPTOP-1DLUEJTL) [Debug] 1 [PackageName] WindowsEditor [ProjectName] Editor" joined alternative multi-casting on [225.0.0.222:34997]...

Refreshing native plugins compatible for Editor in 276.63 ms, found 3 plugins.
Preloading 0 native plugins for Editor in 0.00 ms.
Initialize engine version: 2020.3.47f1 (5ef4f5b5e2d4)
[Subsystems] Discovering subsystems at path C:/Program Files/Unity/Hub/Editor/2020.3.47f1/Editor/Data/Resources/UnitySubsystems
[Subsystems] Discovering subsystems at path C:/Users/rayqu/Documents/GitHub/Masterfiles/MasterFiles/Assets
GfxDevice: creating device client; threaded=0
Direct3D:
    Version:  Direct3D 11.0 [level 11.1]
    Renderer: NVIDIA GeForce GTX 1650 (ID=0x1f91)
    Vendor:   
    VRAM:     3962 MB
    Driver:   30.0.15.1278
Initialize mono
Mono path[0] = 'C:/Program Files/Unity/Hub/Editor/2020.3.47f1/Editor/Data/Managed'
Mono path[1] = 'C:/Program Files/Unity/Hub/Editor/2020.3.47f1/Editor/Data/MonoBleedingEdge/lib/mono/unityjit'
Mono config path = 'C:/Program Files/Unity/Hub/Editor/2020.3.47f1/Editor/Data/MonoBleedingEdge/etc'
Using monoOptions --debugger-agent=transport=dt_socket,embedding=1,server=y,suspend=n,address=127.0.0.1:56800
Begin MonoManager ReloadAssembly
Registering precompiled unity dll's ...
Register platform support module: C:/Program Files/Unity/Hub/Editor/2020.3.47f1/Editor/Data/PlaybackEngines/WindowsStandaloneSupport/UnityEditor.WindowsStandalone.Extensions.dll
Registered in 0.006905 seconds.
Native extension for WindowsStandalone target not found
Refreshing native plugins compatible for Editor in 142.25 ms, found 3 plugins.
Preloading 0 native plugins for Editor in 0.00 ms.
Mono: successfully reloaded assembly
- Completed reload, in  1.750 seconds
Domain Reload Profiling:
	ReloadAssembly (1751ms)
		BeginReloadAssembly (242ms)
			ExecutionOrderSort (0ms)
			DisableScriptedObjects (0ms)
			BackupInstance (0ms)
			ReleaseScriptingObjects (0ms)
			CreateAndSetChildDomain (5ms)
		EndReloadAssembly (1349ms)
			LoadAssemblies (230ms)
			RebuildTransferFunctionScriptingTraits (1ms)
			SetupTypeCache (367ms)
			ReleaseScriptCaches (0ms)
			RebuildScriptCaches (86ms)
			SetupLoadedEditorAssemblies (583ms)
				LogAssemblyErrors (0ms)
				InitializePlatformSupportModulesInManaged (23ms)
				SetLoadedEditorAssemblies (0ms)
				RefreshPlugins (142ms)
				BeforeProcessingInitializeOnLoad (19ms)
				ProcessInitializeOnLoadAttributes (274ms)
				ProcessInitializeOnLoadMethodAttributes (124ms)
				AfterProcessingInitializeOnLoad (0ms)
				EditorAssembliesLoaded (1ms)
			ExecutionOrderSort2 (0ms)
			AwakeInstancesAfterBackupRestoration (0ms)
Platform modules already initialized, skipping
Registering precompiled user dll's ...
Registered in 0.020453 seconds.
Begin MonoManager ReloadAssembly
Native extension for WindowsStandalone target not found
Refreshing native plugins compatible for Editor in 1.45 ms, found 3 plugins.
Preloading 0 native plugins for Editor in 0.00 ms.
Mono: successfully reloaded assembly
- Completed reload, in  2.562 seconds
Domain Reload Profiling:
	ReloadAssembly (2565ms)
		BeginReloadAssembly (424ms)
			ExecutionOrderSort (0ms)
			DisableScriptedObjects (12ms)
			BackupInstance (0ms)
			ReleaseScriptingObjects (0ms)
			CreateAndSetChildDomain (43ms)
		EndReloadAssembly (1972ms)
			LoadAssemblies (247ms)
			RebuildTransferFunctionScriptingTraits (0ms)
			SetupTypeCache (753ms)
			ReleaseScriptCaches (1ms)
			RebuildScriptCaches (90ms)
			SetupLoadedEditorAssemblies (735ms)
				LogAssemblyErrors (0ms)
				InitializePlatformSupportModulesInManaged (11ms)
				SetLoadedEditorAssemblies (1ms)
				RefreshPlugins (2ms)
				BeforeProcessingInitializeOnLoad (110ms)
				ProcessInitializeOnLoadAttributes (564ms)
				ProcessInitializeOnLoadMethodAttributes (32ms)
				AfterProcessingInitializeOnLoad (16ms)
				EditorAssembliesLoaded (1ms)
			ExecutionOrderSort2 (0ms)
			AwakeInstancesAfterBackupRestoration (4ms)
Platform modules already initialized, skipping
========================================================================
Worker process is ready to serve import requests
Launched and connected shader compiler UnityShaderCompiler.exe after 0.12 seconds
Refreshing native plugins compatible for Editor in 1.57 ms, found 3 plugins.
Preloading 0 native plugins for Editor in 0.00 ms.
Unloading 1801 Unused Serialized files (Serialized files now loaded: 0)
System memory in use before: 174.4 MB.
System memory in use after: 174.5 MB.

Unloading 18 unused Assets to reduce memory usage. Loaded Objects now: 2247.
Total: 10.744100 ms (FindLiveObjects: 0.339300 ms CreateObjectMapping: 0.108300 ms MarkObjects: 10.054000 ms  DeleteObjects: 0.238700 ms)

AssetImportParameters requested are different than current active one (requested -> active):
  custom:framework-win-MediaFoundation: 216162199b28c13a410421893ffa2e32 -> 
  custom:video-decoder-ogg-theora: a1e56fd34408186e4bbccfd4996cb3dc -> 
  custom:container-muxer-webm: aa71ff27fc2769a1b78a27578f13a17b -> 
  custom:container-demuxer-webm: 4f35f7cbe854078d1ac9338744f61a02 -> 
  custom:container-demuxer-ogg: 62fdf1f143b41e24485cea50d1cbac27 -> 
  custom:video-encoder-webm-vp8: eb34c28f22e8b96e1ab97ce403110664 -> 
  custom:video-codec-MediaFoundation-h265: 746d11721c4dcdbdad8f713fa42b33f4 -> 
  custom:video-decoder-webm-vp8: 9c59270c3fd7afecdb556c50c9e8de78 -> 
  custom:audio-decoder-ogg-vorbis: bf7c407c2cedff20999df2af8eb42d56 -> 
  custom:audio-encoder-webm-vorbis: bf7c407c2cedff20999df2af8eb42d56 -> 
========================================================================
Received Import Request.
  path: Assets/Enemy.prefab
  artifactKey: Guid(61018abc3f2362f4c85e5cee98f927b3) Importer(815301076,1909f56bfc062723c751e8b465ee728b)
Start importing Assets/Enemy.prefab using Guid(61018abc3f2362f4c85e5cee98f927b3) Importer(815301076,1909f56bfc062723c751e8b465ee728b)  -> (artifact id: '3203728a48a4c68586f935883c450ed9') in 0.315140 seconds 
========================================================================
Received Import Request.
  Time since last request: 0.332143 seconds.
  path: Assets/Health.png
  artifactKey: Guid(d38bf5b5bdd32c148b9c6374b0bc9358) Importer(815301076,1909f56bfc062723c751e8b465ee728b)
Start importing Assets/Health.png using Guid(d38bf5b5bdd32c148b9c6374b0bc9358) Importer(815301076,1909f56bfc062723c751e8b465ee728b)  -> (artifact id: 'c2fd6633773b86aaa8ae397054a60d6c') in 0.098096 seconds 
========================================================================
Received Import Request.
  Time since last request: 0.000272 seconds.
  path: Assets/New Material.mat
  artifactKey: Guid(4757158ccccf36e49b530873c6677cae) Importer(815301076,1909f56bfc062723c751e8b465ee728b)
Start importing Assets/New Material.mat using Guid(4757158ccccf36e49b530873c6677cae) Importer(815301076,1909f56bfc062723c751e8b465ee728b)  -> (artifact id: '2fc7524f6846caaedcdca00ca9c8b144') in 0.053717 seconds 
========================================================================
Received Import Request.
  Time since last request: 0.000284 seconds.
  path: Assets/Wall.prefab
  artifactKey: Guid(768933c8505bf2f4ca60945bc6ef8ec2) Importer(815301076,1909f56bfc062723c751e8b465ee728b)
Start importing Assets/Wall.prefab using Guid(768933c8505bf2f4ca60945bc6ef8ec2) Importer(815301076,1909f56bfc062723c751e8b465ee728b)  -> (artifact id: '1e27fc024d7aa45d90878d6c13dbae49') in 0.024883 seconds 
========================================================================
Received Prepare
Registering precompiled user dll's ...
Registered in 0.005173 seconds.
Begin MonoManager ReloadAssembly
Native extension for WindowsStandalone target not found
Refreshing native plugins compatible for Editor in 0.86 ms, found 3 plugins.
Preloading 0 native plugins for Editor in 0.00 ms.
Mono: successfully reloaded assembly
- Completed reload, in  1.348 seconds
Domain Reload Profiling:
	ReloadAssembly (1348ms)
		BeginReloadAssembly (150ms)
			ExecutionOrderSort (0ms)
			DisableScriptedObjects (5ms)
			BackupInstance (0ms)
			ReleaseScriptingObjects (0ms)
			CreateAndSetChildDomain (43ms)
		EndReloadAssembly (1101ms)
			LoadAssemblies (128ms)
			RebuildTransferFunctionScriptingTraits (0ms)
			SetupTypeCache (445ms)
			ReleaseScriptCaches (1ms)
			RebuildScriptCaches (53ms)
			SetupLoadedEditorAssemblies (372ms)
				LogAssemblyErrors (0ms)
				InitializePlatformSupportModulesInManaged (8ms)
				SetLoadedEditorAssemblies (1ms)
				RefreshPlugins (1ms)
				BeforeProcessingInitializeOnLoad (64ms)
				ProcessInitializeOnLoadAttributes (270ms)
				ProcessInitializeOnLoadMethodAttributes (18ms)
				AfterProcessingInitializeOnLoad (10ms)
				EditorAssembliesLoaded (0ms)
			ExecutionOrderSort2 (0ms)
			AwakeInstancesAfterBackupRestoration (2ms)
Platform modules already initialized, skipping
Refreshing native plugins compatible for Editor in 0.66 ms, found 3 plugins.
Preloading 0 native plugins for Editor in 0.00 ms.
Unloading 1751 Unused Serialized files (Serialized files now loaded: 0)
System memory in use before: 173.1 MB.
System memory in use after: 173.2 MB.

Unloading 14 unused Assets to reduce memory usage. Loaded Objects now: 2295.
Total: 3.433800 ms (FindLiveObjects: 0.309200 ms CreateObjectMapping: 0.057900 ms MarkObjects: 3.032800 ms  DeleteObjects: 0.032000 ms)

AssetImportParameters requested are different than current active one (requested -> active):
  custom:framework-win-MediaFoundation: 216162199b28c13a410421893ffa2e32 -> 
  custom:video-decoder-ogg-theora: a1e56fd34408186e4bbccfd4996cb3dc -> 
  custom:container-muxer-webm: aa71ff27fc2769a1b78a27578f13a17b -> 
  custom:container-demuxer-webm: 4f35f7cbe854078d1ac9338744f61a02 -> 
  custom:container-demuxer-ogg: 62fdf1f143b41e24485cea50d1cbac27 -> 
  custom:video-encoder-webm-vp8: eb34c28f22e8b96e1ab97ce403110664 -> 
  custom:video-codec-MediaFoundation-h265: 746d11721c4dcdbdad8f713fa42b33f4 -> 
  custom:video-decoder-webm-vp8: 9c59270c3fd7afecdb556c50c9e8de78 -> 
  custom:audio-decoder-ogg-vorbis: bf7c407c2cedff20999df2af8eb42d56 -> 
  custom:audio-encoder-webm-vorbis: bf7c407c2cedff20999df2af8eb42d56 -> 
========================================================================
Received Import Request.
  Time since last request: 11.565570 seconds.
  path: Assets/PlayerMovementTutorial.cs
  artifactKey: Guid(c2ecd5f8e5238934b80708c5fcaa2412) Importer(815301076,1909f56bfc062723c751e8b465ee728b)
Start importing Assets/PlayerMovementTutorial.cs using Guid(c2ecd5f8e5238934b80708c5fcaa2412) Importer(815301076,1909f56bfc062723c751e8b465ee728b)  -> (artifact id: '54b77154594ab26e79b3a2bd0f36d2f2') in 0.009097 seconds 
========================================================================
Received Import Request.
  Time since last request: 72.674445 seconds.
  path: ProjectSettings/TagManager.asset
  artifactKey: Guid(00000000000000003000000000000000) Importer(815301076,1909f56bfc062723c751e8b465ee728b)
Start importing ProjectSettings/TagManager.asset using Guid(00000000000000003000000000000000) Importer(815301076,1909f56bfc062723c751e8b465ee728b)  -> (artifact id: '352cc66cc53c20e2e10ebe60a6507979') in 0.014422 seconds 
========================================================================
Received Prepare
Registering precompiled user dll's ...
Registered in 0.005083 seconds.
Begin MonoManager ReloadAssembly
Native extension for WindowsStandalone target not found
Refreshing native plugins compatible for Editor in 0.69 ms, found 3 plugins.
Preloading 0 native plugins for Editor in 0.00 ms.
Mono: successfully reloaded assembly
- Completed reload, in  1.261 seconds
Domain Reload Profiling:
	ReloadAssembly (1261ms)
		BeginReloadAssembly (174ms)
			ExecutionOrderSort (0ms)
			DisableScriptedObjects (5ms)
			BackupInstance (0ms)
			ReleaseScriptingObjects (0ms)
			CreateAndSetChildDomain (42ms)
		EndReloadAssembly (1004ms)
			LoadAssemblies (167ms)
			RebuildTransferFunctionScriptingTraits (0ms)
			SetupTypeCache (352ms)
			ReleaseScriptCaches (1ms)
			RebuildScriptCaches (55ms)
			SetupLoadedEditorAssemblies (354ms)
				LogAssemblyErrors (0ms)
				InitializePlatformSupportModulesInManaged (6ms)
				SetLoadedEditorAssemblies (1ms)
				RefreshPlugins (1ms)
				BeforeProcessingInitializeOnLoad (65ms)
				ProcessInitializeOnLoadAttributes (249ms)
				ProcessInitializeOnLoadMethodAttributes (20ms)
				AfterProcessingInitializeOnLoad (12ms)
				EditorAssembliesLoaded (0ms)
			ExecutionOrderSort2 (0ms)
			AwakeInstancesAfterBackupRestoration (3ms)
Platform modules already initialized, skipping
Refreshing native plugins compatible for Editor in 0.60 ms, found 3 plugins.
Preloading 0 native plugins for Editor in 0.00 ms.
Unloading 1751 Unused Serialized files (Serialized files now loaded: 0)
System memory in use before: 173.1 MB.
System memory in use after: 173.3 MB.

Unloading 14 unused Assets to reduce memory usage. Loaded Objects now: 2298.
Total: 3.959500 ms (FindLiveObjects: 0.205100 ms CreateObjectMapping: 0.057500 ms MarkObjects: 3.663300 ms  DeleteObjects: 0.032200 ms)

AssetImportParameters requested are different than current active one (requested -> active):
  custom:framework-win-MediaFoundation: 216162199b28c13a410421893ffa2e32 -> 
  custom:video-decoder-ogg-theora: a1e56fd34408186e4bbccfd4996cb3dc -> 
  custom:container-muxer-webm: aa71ff27fc2769a1b78a27578f13a17b -> 
  custom:container-demuxer-webm: 4f35f7cbe854078d1ac9338744f61a02 -> 
  custom:container-demuxer-ogg: 62fdf1f143b41e24485cea50d1cbac27 -> 
  custom:video-encoder-webm-vp8: eb34c28f22e8b96e1ab97ce403110664 -> 
  custom:video-codec-MediaFoundation-h265: 746d11721c4dcdbdad8f713fa42b33f4 -> 
  custom:video-decoder-webm-vp8: 9c59270c3fd7afecdb556c50c9e8de78 -> 
  custom:audio-decoder-ogg-vorbis: bf7c407c2cedff20999df2af8eb42d56 -> 
  custom:audio-encoder-webm-vorbis: bf7c407c2cedff20999df2af8eb42d56 -> 
========================================================================
Received Import Request.
  Time since last request: 227.664770 seconds.
  path: Assets/DoorScript.cs
  artifactKey: Guid(7a04efdd159dbf742b2d0b47c22cc988) Importer(815301076,1909f56bfc062723c751e8b465ee728b)
Start importing Assets/DoorScript.cs using Guid(7a04efdd159dbf742b2d0b47c22cc988) Importer(815301076,1909f56bfc062723c751e8b465ee728b)  -> (artifact id: 'cca3e4be0f3e7aec1b8e7f3913cc2b2a') in 0.009936 seconds 
========================================================================
Received Import Request.
  Time since last request: 1.208645 seconds.
  path: Assets/EnemyKill.cs
  artifactKey: Guid(46ce7db044cbeae4889c4395f675a25c) Importer(815301076,1909f56bfc062723c751e8b465ee728b)
Start importing Assets/EnemyKill.cs using Guid(46ce7db044cbeae4889c4395f675a25c) Importer(815301076,1909f56bfc062723c751e8b465ee728b)  -> (artifact id: 'b6b257b37d215db9716c5fa3b3ae5f5c') in 0.004487 seconds 
========================================================================
Received Import Request.
  Time since last request: 0.859060 seconds.
  path: Assets/MovementController.cs
  artifactKey: Guid(cf2cfea38bf8a6e40819923c067e3a77) Importer(815301076,1909f56bfc062723c751e8b465ee728b)
Start importing Assets/MovementController.cs using Guid(cf2cfea38bf8a6e40819923c067e3a77) Importer(815301076,1909f56bfc062723c751e8b465ee728b)  -> (artifact id: 'c11efe2ffa6ffe0b9f954a3caba19798') in 0.003934 seconds 
========================================================================
Received Prepare
Registering precompiled user dll's ...
Registered in 0.006935 seconds.
Begin MonoManager ReloadAssembly
Native extension for WindowsStandalone target not found
Refreshing native plugins compatible for Editor in 0.72 ms, found 3 plugins.
Preloading 0 native plugins for Editor in 0.00 ms.
Mono: successfully reloaded assembly
- Completed reload, in  1.219 seconds
Domain Reload Profiling:
	ReloadAssembly (1220ms)
		BeginReloadAssembly (157ms)
			ExecutionOrderSort (0ms)
			DisableScriptedObjects (6ms)
			BackupInstance (0ms)
			ReleaseScriptingObjects (0ms)
			CreateAndSetChildDomain (43ms)
		EndReloadAssembly (973ms)
			LoadAssemblies (130ms)
			RebuildTransferFunctionScriptingTraits (0ms)
			SetupTypeCache (352ms)
			ReleaseScriptCaches (1ms)
			RebuildScriptCaches (54ms)
			SetupLoadedEditorAssemblies (357ms)
				LogAssemblyErrors (0ms)
				InitializePlatformSupportModulesInManaged (6ms)
				SetLoadedEditorAssemblies (1ms)
				RefreshPlugins (1ms)
				BeforeProcessingInitializeOnLoad (68ms)
				ProcessInitializeOnLoadAttributes (248ms)
				ProcessInitializeOnLoadMethodAttributes (21ms)
				AfterProcessingInitializeOnLoad (13ms)
				EditorAssembliesLoaded (0ms)
			ExecutionOrderSort2 (0ms)
			AwakeInstancesAfterBackupRestoration (2ms)
Platform modules already initialized, skipping
Refreshing native plugins compatible for Editor in 0.61 ms, found 3 plugins.
Preloading 0 native plugins for Editor in 0.00 ms.
Unloading 1750 Unused Serialized files (Serialized files now loaded: 0)
System memory in use before: 173.1 MB.
System memory in use after: 173.3 MB.

Unloading 14 unused Assets to reduce memory usage. Loaded Objects now: 2300.
Total: 3.272500 ms (FindLiveObjects: 0.222000 ms CreateObjectMapping: 0.047000 ms MarkObjects: 2.973500 ms  DeleteObjects: 0.028600 ms)

AssetImportParameters requested are different than current active one (requested -> active):
  custom:framework-win-MediaFoundation: 216162199b28c13a410421893ffa2e32 -> 
  custom:video-decoder-ogg-theora: a1e56fd34408186e4bbccfd4996cb3dc -> 
  custom:container-muxer-webm: aa71ff27fc2769a1b78a27578f13a17b -> 
  custom:container-demuxer-webm: 4f35f7cbe854078d1ac9338744f61a02 -> 
  custom:container-demuxer-ogg: 62fdf1f143b41e24485cea50d1cbac27 -> 
  custom:video-encoder-webm-vp8: eb34c28f22e8b96e1ab97ce403110664 -> 
  custom:video-codec-MediaFoundation-h265: 746d11721c4dcdbdad8f713fa42b33f4 -> 
  custom:video-decoder-webm-vp8: 9c59270c3fd7afecdb556c50c9e8de78 -> 
  custom:audio-decoder-ogg-vorbis: bf7c407c2cedff20999df2af8eb42d56 -> 
  custom:audio-encoder-webm-vorbis: bf7c407c2cedff20999df2af8eb42d56 -> 
========================================================================
Received Import Request.
  Time since last request: 10.277382 seconds.
  path: Assets/OpenDoor.cs
  artifactKey: Guid(df62e1e6ea05a644e8a2126510392029) Importer(815301076,1909f56bfc062723c751e8b465ee728b)
Start importing Assets/OpenDoor.cs using Guid(df62e1e6ea05a644e8a2126510392029) Importer(815301076,1909f56bfc062723c751e8b465ee728b)  -> (artifact id: 'dccf1da7e00ca98b77b40357a8fb696e') in 0.007333 seconds 
========================================================================
Received Import Request.
  Time since last request: 101.270696 seconds.
  path: Assets
  artifactKey: Guid(00000000000000001000000000000000) Importer(815301076,1909f56bfc062723c751e8b465ee728b)
Start importing Assets using Guid(00000000000000001000000000000000) Importer(815301076,1909f56bfc062723c751e8b465ee728b)  -> (artifact id: '42d402b061de3733987d63b9cc3b64de') in 0.016291 seconds 
========================================================================
Received Import Request.
  Time since last request: 13.987699 seconds.
  path: Assets/NewBehaviourScript.cs
  artifactKey: Guid(523d73b82d39eb646a4f8cb2c9f3a201) Importer(815301076,1909f56bfc062723c751e8b465ee728b)
Start importing Assets/NewBehaviourScript.cs using Guid(523d73b82d39eb646a4f8cb2c9f3a201) Importer(815301076,1909f56bfc062723c751e8b465ee728b)  -> (artifact id: '5eba6934609dd47bad3ef46a36bba8cc') in 0.003878 seconds 
========================================================================
Received Import Request.
  Time since last request: 5.600690 seconds.
  path: Assets/PlayerCam.cs
  artifactKey: Guid(523d73b82d39eb646a4f8cb2c9f3a201) Importer(815301076,1909f56bfc062723c751e8b465ee728b)
Start importing Assets/PlayerCam.cs using Guid(523d73b82d39eb646a4f8cb2c9f3a201) Importer(815301076,1909f56bfc062723c751e8b465ee728b)  -> (artifact id: '92244d8bd34bbfbd0702382c4ecc98d2') in 0.003540 seconds 
========================================================================
Received Import Request.
  Time since last request: 1038.744723 seconds.
  path: Assets/PlayerCam.cs
  artifactKey: Guid(523d73b82d39eb646a4f8cb2c9f3a201) Importer(815301076,1909f56bfc062723c751e8b465ee728b)
Start importing Assets/PlayerCam.cs using Guid(523d73b82d39eb646a4f8cb2c9f3a201) Importer(815301076,1909f56bfc062723c751e8b465ee728b)  -> (artifact id: '06fa45c8542f94d01e16a01d2afa3d6c') in 0.031284 seconds 
========================================================================
Received Import Request.
  Time since last request: 297.641250 seconds.
  path: Assets/MoveCamera.cs
  artifactKey: Guid(e0f274a2bf9a26546818ce26cf46fcd1) Importer(815301076,1909f56bfc062723c751e8b465ee728b)
Start importing Assets/MoveCamera.cs using Guid(e0f274a2bf9a26546818ce26cf46fcd1) Importer(815301076,1909f56bfc062723c751e8b465ee728b)  -> (artifact id: '1449becb4d11a436ec7f0036e9dd5631') in 0.015206 seconds 
========================================================================
Received Import Request.
  Time since last request: 121.480888 seconds.
  path: Assets/MoveCamera.cs
  artifactKey: Guid(e0f274a2bf9a26546818ce26cf46fcd1) Importer(815301076,1909f56bfc062723c751e8b465ee728b)
Start importing Assets/MoveCamera.cs using Guid(e0f274a2bf9a26546818ce26cf46fcd1) Importer(815301076,1909f56bfc062723c751e8b465ee728b)  -> (artifact id: '92297a3cc88bd637fdf8a67f115e6991') in 0.055155 seconds 
AssetImportWorkerClient::OnTransportError - code=2 error=End of file
